#
# A fatal error has been detected by the Java Runtime Environment:
#
#  Internal Error (javaCalls.cpp:51), pid=5572, tid=0x0000000000001420
#  guarantee(thread->is_Java_thread()) failed: crucial check - the VM thread cannot and must not escape to Java code
#
# JRE version: Java(TM) SE Runtime Environment (8.0_201-b09) (build 1.8.0_201-b09)
# Java VM: Java HotSpot(TM) 64-Bit Server VM (25.201-b09 mixed mode windows-amd64 compressed oops)
# Failed to write core dump. Minidumps are not enabled by default on client versions of Windows
#
# If you would like to submit a bug report, please visit:
#   http://bugreport.java.com/bugreport/crash.jsp
#

---------------  T H R E A D  ---------------

Current thread (0x0000000015387800):  VMThread [stack: 0x0000000016420000,0x0000000016520000] [id=5152]

Stack: [0x0000000016420000,0x0000000016520000]
[error occurred during error reporting (printing stack bounds), id 0xc0000005]

Native frames: (J=compiled Java code, j=interpreted, Vv=VM code, C=native code)

VM_Operation (0x0000000016d9f720): GetOrSetLocal, mode: safepoint, requested by thread 0x00000000153c9000


---------------  P R O C E S S  ---------------

Java Threads: ( => current thread )
  0x0000000017034800 JavaThread "Service Thread" daemon [_thread_blocked, id=5812, stack(0x00000000176a0000,0x00000000177a0000)]
  0x0000000017020800 JavaThread "C1 CompilerThread2" daemon [_thread_blocked, id=1824, stack(0x00000000175a0000,0x00000000176a0000)]
  0x000000001701f800 JavaThread "C2 CompilerThread1" daemon [_thread_blocked, id=2556, stack(0x00000000174a0000,0x00000000175a0000)]
  0x000000001701f000 JavaThread "C2 CompilerThread0" daemon [_thread_blocked, id=6332, stack(0x00000000173a0000,0x00000000174a0000)]
  0x00000000153db000 JavaThread "JDWP Command Reader" daemon [_thread_in_native, id=3224, stack(0x0000000016ea0000,0x0000000016fa0000)]
  0x00000000153da000 JavaThread "JDWP Event Helper Thread" daemon [_thread_blocked, id=7408, stack(0x0000000016da0000,0x0000000016ea0000)]
  0x00000000153c9000 JavaThread "JDWP Transport Listener: dt_socket" daemon [_thread_blocked, id=5384, stack(0x0000000016ca0000,0x0000000016da0000)]
  0x00000000153bf800 JavaThread "Attach Listener" daemon [_thread_blocked, id=7224, stack(0x0000000016aa0000,0x0000000016ba0000)]
  0x00000000153c7800 JavaThread "Signal Dispatcher" daemon [_thread_blocked, id=6056, stack(0x00000000169a0000,0x0000000016aa0000)]
  0x0000000002e7c000 JavaThread "Finalizer" daemon [_thread_blocked, id=5272, stack(0x0000000016620000,0x0000000016720000)]
  0x0000000002e71000 JavaThread "Reference Handler" daemon [_thread_blocked, id=7636, stack(0x0000000016520000,0x0000000016620000)]
  0x0000000002d83000 JavaThread "main" [_thread_blocked, id=6656, stack(0x00000000028a0000,0x00000000029a0000)]

Other Threads:
=>0x0000000015387800 VMThread [stack: 0x0000000016420000,0x0000000016520000] [id=5152]
  0x00000000170ec800 WatcherThread [stack: 0x00000000177a0000,0x00000000178a0000] [id=1764]

VM state:at safepoint (normal execution)

VM Mutex/Monitor currently owned by a thread:  ([mutex/lock_event])
[0x000000000288db10] Threads_lock - owner thread: 0x0000000015387800

heap address: 0x00000000c2e00000, size: 978 MB, Compressed Oops mode: 32-bit
Narrow klass base: 0x0000000000000000, Narrow klass shift: 3
Compressed class space size: 1073741824 Address: 0x0000000100000000

Heap:
 PSYoungGen      total 18432K, used 6143K [0x00000000eba00000, 0x00000000ece80000, 0x0000000100000000)
  eden space 15872K, 38% used [0x00000000eba00000,0x00000000ebfffd38,0x00000000ec980000)
  from space 2560K, 0% used [0x00000000ecc00000,0x00000000ecc00000,0x00000000ece80000)
  to   space 2560K, 0% used [0x00000000ec980000,0x00000000ec980000,0x00000000ecc00000)
 ParOldGen       total 42496K, used 0K [0x00000000c2e00000, 0x00000000c5780000, 0x00000000eba00000)
  object space 42496K, 0% used [0x00000000c2e00000,0x00000000c2e00000,0x00000000c5780000)
 Metaspace       used 4895K, capacity 5058K, committed 5248K, reserved 1056768K
  class space    used 517K, capacity 561K, committed 640K, reserved 1048576K

Card table byte_map: [0x0000000012240000,0x0000000012430000] byte_map_base: 0x0000000011c29000

Marking Bits: (ParMarkBitMap*) 0x0000000056dd4ce0
 Begin Bits: [0x0000000012980000, 0x00000000138c8000)
 End Bits:   [0x00000000138c8000, 0x0000000014810000)

Polling page: 0x00000000027f0000

CodeCache: size=245760Kb used=1566Kb max_used=1566Kb free=244193Kb
 bounds [0x0000000002e80000, 0x00000000030f0000, 0x0000000011e80000]
 total_blobs=484 nmethods=198 adapters=207
 compilation: enabled

Compilation events (10 events):
Event: 793.177 Thread 0x0000000017020800  197       3       org.eclipse.jdt.launching.internal.org.objectweb.asm.ByteVector::encodeUtf8 (337 bytes)
Event: 793.180 Thread 0x000000001701f800  198       4       org.eclipse.jdt.launching.internal.org.objectweb.asm.ClassReader::readUtf (44 bytes)
Event: 793.180 Thread 0x0000000017020800 nmethod 197 0x0000000003002010 code [0x0000000003002260, 0x0000000003002f78]
Event: 793.180 Thread 0x0000000017020800  199       3       org.eclipse.jdt.launching.internal.org.objectweb.asm.SymbolTable::addConstant (330 bytes)
Event: 793.183 Thread 0x000000001701f800 nmethod 198 0x0000000003001950 code [0x0000000003001aa0, 0x0000000003001d48]
Event: 793.184 Thread 0x0000000017020800 nmethod 199 0x00000000030053d0 code [0x0000000003005940, 0x000000000300a1d8]
Event: 793.184 Thread 0x0000000017020800  200       3       org.eclipse.jdt.launching.internal.org.objectweb.asm.MethodWriter::visitTypeInsn (116 bytes)
Event: 793.185 Thread 0x0000000017020800 nmethod 200 0x0000000002fff610 code [0x0000000002fff7c0, 0x0000000002fffd88]
Event: 793.185 Thread 0x0000000017020800  201       1       java.lang.Integer::intValue (5 bytes)
Event: 793.185 Thread 0x0000000017020800 nmethod 201 0x0000000002f917d0 code [0x0000000002f91920, 0x0000000002f91a30]

GC Heap History (0 events):
No events

Deoptimization events (0 events):
No events

Classes redefined (7 events):
Event: 693.382 Thread 0x0000000015387800 redefined class name=Main, count=1
Event: 767.814 Thread 0x0000000015387800 redefined class name=Main, count=2
Event: 771.045 Thread 0x0000000015387800 redefined class name=Main, count=3
Event: 774.176 Thread 0x0000000015387800 redefined class name=Main, count=4
Event: 782.941 Thread 0x0000000015387800 redefined class name=Main, count=5
Event: 787.073 Thread 0x0000000015387800 redefined class name=Main, count=6
Event: 793.184 Thread 0x0000000015387800 redefined class name=Main, count=7

Internal exceptions (2 events):
Event: 0.037 Thread 0x0000000002d83000 Exception <a 'java/lang/NoSuchMethodError': Method sun.misc.Unsafe.defineClass(Ljava/lang/String;[BII)Ljava/lang/Class; name or signature does not match> (0x00000000eba07cb0) thrown at [C:\re\workspace\8-2-build-windows-amd64-cygwin\jdk8u201\12322\hotspot
Event: 0.037 Thread 0x0000000002d83000 Exception <a 'java/lang/NoSuchMethodError': Method sun.misc.Unsafe.prefetchRead(Ljava/lang/Object;J)V name or signature does not match> (0x00000000eba07f98) thrown at [C:\re\workspace\8-2-build-windows-amd64-cygwin\jdk8u201\12322\hotspot\src\share\vm\prim

Events (10 events):
Event: 799.365 Executing VM operation: GetOwnedMonitorInfo done
Event: 805.353 Executing VM operation: GetCurrentContendedMonitor
Event: 805.353 Executing VM operation: GetCurrentContendedMonitor done
Event: 805.353 Executing VM operation: GetOwnedMonitorInfo
Event: 805.353 Executing VM operation: GetOwnedMonitorInfo done
Event: 805.915 Executing VM operation: GetCurrentContendedMonitor
Event: 805.915 Executing VM operation: GetCurrentContendedMonitor done
Event: 805.915 Executing VM operation: GetOwnedMonitorInfo
Event: 805.915 Executing VM operation: GetOwnedMonitorInfo done
Event: 816.138 Executing VM operation: GetOrSetLocal


Dynamic libraries:
0x000007f64c570000 - 0x000007f64c5a7000 	C:\Program Files\Java\jre1.8.0_201\bin\javaw.exe
0x000007fdcd5e0000 - 0x000007fdcd79d000 	C:\WINDOWS\SYSTEM32\ntdll.dll
0x000007fdcd490000 - 0x000007fdcd5c7000 	C:\WINDOWS\system32\KERNEL32.DLL
0x000007fdca800000 - 0x000007fdca8f4000 	C:\WINDOWS\system32\KERNELBASE.dll
0x000007fdcafb0000 - 0x000007fdcb08e000 	C:\WINDOWS\system32\ADVAPI32.dll
0x000007fdcaa30000 - 0x000007fdcab7c000 	C:\WINDOWS\system32\USER32.dll
0x000007fdc81e0000 - 0x000007fdc844a000 	C:\WINDOWS\WinSxS\amd64_microsoft.windows.common-controls_6595b64144ccf1df_6.0.9200.17359_none_4188b989718cf1c6\COMCTL32.dll
0x000007fdcb4e0000 - 0x000007fdcb585000 	C:\WINDOWS\system32\msvcrt.dll
0x000007fdcaf60000 - 0x000007fdcafa8000 	C:\WINDOWS\SYSTEM32\sechost.dll
0x000007fdcbde0000 - 0x000007fdcbf25000 	C:\WINDOWS\system32\RPCRT4.dll
0x000007fdcd220000 - 0x000007fdcd361000 	C:\WINDOWS\system32\GDI32.dll
0x000007fdcb800000 - 0x000007fdcb839000 	C:\WINDOWS\system32\IMM32.DLL
0x000007fdcd370000 - 0x000007fdcd486000 	C:\WINDOWS\system32\MSCTF.dll
0x00000000564d0000 - 0x00000000565a1000 	C:\Program Files\Java\jre1.8.0_201\bin\msvcr100.dll
0x00000000565b0000 - 0x0000000056e54000 	C:\Program Files\Java\jre1.8.0_201\bin\server\jvm.dll
0x000007fdc8070000 - 0x000007fdc8079000 	C:\WINDOWS\SYSTEM32\WSOCK32.dll
0x000007fdc79c0000 - 0x000007fdc79e0000 	C:\WINDOWS\SYSTEM32\WINMM.dll
0x000007fdc4d70000 - 0x000007fdc4d79000 	C:\WINDOWS\SYSTEM32\VERSION.dll
0x000007fdcb0e0000 - 0x000007fdcb0e7000 	C:\WINDOWS\system32\PSAPI.DLL
0x000007fdcb740000 - 0x000007fdcb798000 	C:\WINDOWS\system32\WS2_32.dll
0x000007fdc7980000 - 0x000007fdc79b3000 	C:\WINDOWS\SYSTEM32\WINMMBASE.dll
0x000007fdcd5d0000 - 0x000007fdcd5d9000 	C:\WINDOWS\system32\NSI.dll
0x000007fdca900000 - 0x000007fdca94f000 	C:\WINDOWS\SYSTEM32\cfgmgr32.dll
0x000007fdcaa00000 - 0x000007fdcaa22000 	C:\WINDOWS\system32\DEVOBJ.dll
0x000007fdc8f30000 - 0x000007fdc8f3f000 	C:\Program Files\Java\jre1.8.0_201\bin\verify.dll
0x000007fdc7210000 - 0x000007fdc7239000 	C:\Program Files\Java\jre1.8.0_201\bin\java.dll
0x000007fdc44d0000 - 0x000007fdc4505000 	C:\Program Files\Java\jre1.8.0_201\bin\jdwp.dll
0x000007fdc7970000 - 0x000007fdc7978000 	C:\Program Files\Java\jre1.8.0_201\bin\npt.dll
0x000007fdc4f80000 - 0x000007fdc4fa3000 	C:\Program Files\Java\jre1.8.0_201\bin\instrument.dll
0x000007fdc7310000 - 0x000007fdc7326000 	C:\Program Files\Java\jre1.8.0_201\bin\zip.dll
0x000007fdcbf30000 - 0x000007fdcd215000 	C:\WINDOWS\system32\SHELL32.dll
0x000007fdcb590000 - 0x000007fdcb740000 	C:\WINDOWS\SYSTEM32\combase.dll
0x000007fdcb090000 - 0x000007fdcb0e0000 	C:\WINDOWS\system32\SHLWAPI.dll
0x000007fdc8990000 - 0x000007fdc8a26000 	C:\WINDOWS\SYSTEM32\SHCORE.dll
0x000007fdca4f0000 - 0x000007fdca505000 	C:\WINDOWS\SYSTEM32\profapi.dll
0x000007fdc7590000 - 0x000007fdc7599000 	C:\Program Files\Java\jre1.8.0_201\bin\dt_socket.dll
0x000007fdb6610000 - 0x000007fdb6624000 	C:\WINDOWS\system32\napinsp.dll
0x000007fdb6630000 - 0x000007fdb6648000 	C:\WINDOWS\system32\pnrpnsp.dll
0x000007fdc8f00000 - 0x000007fdc8f16000 	C:\WINDOWS\system32\NLAapi.dll
0x000007fdc9d40000 - 0x000007fdc9d9c000 	C:\WINDOWS\System32\mswsock.dll
0x000007fdc9b80000 - 0x000007fdc9c1c000 	C:\WINDOWS\SYSTEM32\DNSAPI.dll
0x000007fdb6650000 - 0x000007fdb6662000 	C:\WINDOWS\System32\winrnr.dll
0x000007fdc5510000 - 0x000007fdc5571000 	C:\WINDOWS\System32\fwpuclnt.dll
0x000007fdc4bf0000 - 0x000007fdc4bf8000 	C:\Windows\System32\rasadhlp.dll

VM Arguments:
jvm_args: -agentlib:jdwp=transport=dt_socket,suspend=y,address=localhost:53597 -javaagent:C:\Users\Raythan\eclipse\java-2018-12\eclipse\configuration\org.eclipse.osgi\221\0\.cp\lib\javaagent-shaded.jar -Dfile.encoding=Cp1252 
java_command: Main
java_class_path (initial): C:\Users\Raythan\Google Drive\4º Semestre\eclipse-workspace\PBL_503_OrientacaoAObjetos\bin;C:\Users\Raythan\eclipse\java-2018-12\eclipse\configuration\org.eclipse.osgi\221\0\.cp\lib\javaagent-shaded.jar
Launcher Type: SUN_STANDARD

Environment Variables:
PATH=C:/Program Files/Java/jre1.8.0_201/bin/server;C:/Program Files/Java/jre1.8.0_201/bin;C:/Program Files/Java/jre1.8.0_201/lib/amd64;C:\Program Files (x86)\Common Files\Oracle\Java\javapath;C:\Program Files (x86)\EasyPHP-DevServer-14.1VC11\binaries\php\php_runningversion;C:\Program Files (x86)\Intel\iCLS Client\;C:\Program Files\Intel\iCLS Client\;C:\WINDOWS\system32;C:\WINDOWS;C:\WINDOWS\System32\Wbem;C:\WINDOWS\System32\WindowsPowerShell\v1.0\;C:\Program Files (x86)\Intel\OpenCL SDK\2.0\bin\x86;C:\Program Files (x86)\Intel\OpenCL SDK\2.0\bin\x64;C:\Program Files\Intel\Intel(R) Management Engine Components\DAL;C:\Program Files\Intel\Intel(R) Management Engine Components\IPT;C:\Program Files (x86)\Intel\Intel(R) Management Engine Components\DAL;C:\Program Files (x86)\Intel\Intel(R) Management Engine Components\IPT;C:\WINDOWS\system32\config\systemprofile\.dnx\bin;C:\Program Files\Microsoft DNX\Dnvm\;C:\Program Files\Microsoft SQL Server\120\Tools\Binn\;C:\Program Files (x86)\Windows Kits\8.1\Windows Performance Toolkit\;C:\Program Files\Microsoft SQL Server\Client SDK\ODBC\110\Tools\Binn\;C:\Program Files (x86)\Microsoft SQL Server\120\Tools\Binn\;C:\Program Files\Microsoft SQL Server\120\DTS\Binn\;C:\Program Files (x86)\Microsoft SQL Server\120\Tools\Binn\ManagementStudio\;C:\Program Files (x86)\Microsoft SQL Server\120\DTS\Binn\;C:\WINDOWS\System32;
USERNAME=Raythan
OS=Windows_NT
PROCESSOR_IDENTIFIER=Intel64 Family 6 Model 58 Stepping 9, GenuineIntel



---------------  S Y S T E M  ---------------

OS: Windows 8 , 64 bit Build 9200 (6.2.9200.16859)

CPU:total 4 (initial active 4) (2 cores per cpu, 2 threads per core) family 6 model 58 stepping 9, cmov, cx8, fxsr, mmx, sse, sse2, sse3, ssse3, sse4.1, sse4.2, popcnt, avx, aes, clmul, erms, ht, tsc, tscinvbit, tscinv

Memory: 4k page, physical 4005140k(1016980k free), swap 6276604k(1791552k free)

vm_info: Java HotSpot(TM) 64-Bit Server VM (25.201-b09) for windows-amd64 JRE (1.8.0_201-b09), built on Dec 15 2018 18:36:39 by "java_re" with MS VC++ 10.0 (VS2010)

time: Sat Apr 20 17:41:19 2019
timezone: Hora oficial do Brasil
elapsed time: 816 seconds (0d 0h 13m 36s)

